timestamp: 2015-03-25T19:32:05.131000
CREATE TABLE auth_user(
    id INT AUTO_INCREMENT NOT NULL,
    first_name VARCHAR(128),
    last_name VARCHAR(128),
    email VARCHAR(512),
    password VARCHAR(512),
    registration_key VARCHAR(512),
    reset_password_key VARCHAR(512),
    registration_id VARCHAR(512),
    PRIMARY KEY (id)
) ENGINE=InnoDB CHARACTER SET utf8;
success!
timestamp: 2015-03-25T19:32:05.365000
CREATE TABLE auth_group(
    id INT AUTO_INCREMENT NOT NULL,
    role VARCHAR(512),
    description LONGTEXT,
    PRIMARY KEY (id)
) ENGINE=InnoDB CHARACTER SET utf8;
success!
timestamp: 2015-03-25T19:32:05.396000
CREATE TABLE auth_membership(
    id INT AUTO_INCREMENT NOT NULL,
    user_id INT, INDEX user_id__idx (user_id), FOREIGN KEY (user_id) REFERENCES auth_user (id) ON DELETE CASCADE,
    group_id INT, INDEX group_id__idx (group_id), FOREIGN KEY (group_id) REFERENCES auth_group (id) ON DELETE CASCADE,
    PRIMARY KEY (id)
) ENGINE=InnoDB CHARACTER SET utf8;
success!
timestamp: 2015-03-25T19:32:05.428000
CREATE TABLE auth_permission(
    id INT AUTO_INCREMENT NOT NULL,
    group_id INT, INDEX group_id__idx (group_id), FOREIGN KEY (group_id) REFERENCES auth_group (id) ON DELETE CASCADE,
    name VARCHAR(512),
    table_name VARCHAR(512),
    record_id INT,
    PRIMARY KEY (id)
) ENGINE=InnoDB CHARACTER SET utf8;
success!
timestamp: 2015-03-25T19:32:05.443000
CREATE TABLE auth_event(
    id INT AUTO_INCREMENT NOT NULL,
    time_stamp DATETIME,
    client_ip VARCHAR(512),
    user_id INT, INDEX user_id__idx (user_id), FOREIGN KEY (user_id) REFERENCES auth_user (id) ON DELETE CASCADE,
    origin VARCHAR(512),
    description LONGTEXT,
    PRIMARY KEY (id)
) ENGINE=InnoDB CHARACTER SET utf8;
success!
timestamp: 2015-03-25T19:32:05.475000
CREATE TABLE auth_cas(
    id INT AUTO_INCREMENT NOT NULL,
    user_id INT, INDEX user_id__idx (user_id), FOREIGN KEY (user_id) REFERENCES auth_user (id) ON DELETE CASCADE,
    created_on DATETIME,
    service VARCHAR(512),
    ticket VARCHAR(512),
    renew CHAR(1),
    PRIMARY KEY (id)
) ENGINE=InnoDB CHARACTER SET utf8;
success!
timestamp: 2015-03-25T19:32:05.506000
CREATE TABLE basic_site(
    id INT AUTO_INCREMENT NOT NULL,
    page_title VARCHAR(512),
    page_header VARCHAR(512),
    page_footer VARCHAR(512),
    page_subheader VARCHAR(512),
    page_tagline VARCHAR(512),
    page_desc LONGTEXT,
    background_color VARCHAR(512),
    background_img INT,
    background_img_style VARCHAR(512),
    modified DATETIME,
    PRIMARY KEY (id)
) ENGINE=InnoDB CHARACTER SET utf8;
success!
timestamp: 2015-03-25T19:32:05.521000
CREATE TABLE page_types(
    id INT AUTO_INCREMENT NOT NULL,
    page_name VARCHAR(512),
    page_file VARCHAR(512),
    PRIMARY KEY (id)
) ENGINE=InnoDB CHARACTER SET utf8;
success!
timestamp: 2015-03-25T19:32:05.553000
CREATE TABLE layout_styles(
    id INT AUTO_INCREMENT NOT NULL,
    layout_label VARCHAR(512),
    PRIMARY KEY (id)
) ENGINE=InnoDB CHARACTER SET utf8;
success!
timestamp: 2015-03-25T19:32:05.568000
CREATE TABLE page_settings(
    id INT AUTO_INCREMENT NOT NULL,
    page_type INT, INDEX page_type__idx (page_type), FOREIGN KEY (page_type) REFERENCES page_types (id) ON DELETE CASCADE,
    data_type VARCHAR(512),
    data_card INT,
    data_order INT,
    alt_image CHAR(1),
    layout_style INT,
    image_size INT,
    PRIMARY KEY (id)
) ENGINE=InnoDB CHARACTER SET utf8;
success!
timestamp: 2015-03-25T19:32:05.600000
CREATE TABLE content_card(
    id INT AUTO_INCREMENT NOT NULL,
    card_name VARCHAR(512),
    card_heading VARCHAR(512),
    left_image INT,
    right_image INT,
    body_text LONGTEXT,
    created DATETIME,
    modified DATETIME,
    PRIMARY KEY (id)
) ENGINE=InnoDB CHARACTER SET utf8;
success!
timestamp: 2015-03-25T19:32:05.615000
CREATE TABLE events(
    id INT AUTO_INCREMENT NOT NULL,
    event_name VARCHAR(512),
    event_heading VARCHAR(512),
    event_image INT,
    body_text LONGTEXT,
    expiration DATE,
    created DATETIME,
    modified DATETIME,
    PRIMARY KEY (id)
) ENGINE=InnoDB CHARACTER SET utf8;
success!
timestamp: 2015-03-25T19:32:05.631000
CREATE TABLE partners(
    id INT AUTO_INCREMENT NOT NULL,
    page_id INT, INDEX page_id__idx (page_id), FOREIGN KEY (page_id) REFERENCES page_settings (id) ON DELETE CASCADE,
    partner_name VARCHAR(512),
    partner_heading VARCHAR(512),
    partner_image_link VARCHAR(512),
    partner_image INT,
    display_style VARCHAR(512),
    created DATETIME,
    modified DATETIME,
    PRIMARY KEY (id)
) ENGINE=InnoDB CHARACTER SET utf8;
success!
timestamp: 2015-03-25T19:32:05.662000
CREATE TABLE image_library(
    id INT AUTO_INCREMENT NOT NULL,
    image_name VARCHAR(512),
    image_desc LONGTEXT,
    keywords VARCHAR(512),
    created DATETIME,
    modified DATETIME,
    image_file VARCHAR(512),
    thumbnail VARCHAR(512),
    banner VARCHAR(512),
    PRIMARY KEY (id)
) ENGINE=InnoDB CHARACTER SET utf8;
success!
timestamp: 2015-03-25T19:32:05.693000
CREATE TABLE image_key_words(
    id INT AUTO_INCREMENT NOT NULL,
    image_id INT, INDEX image_id__idx (image_id), FOREIGN KEY (image_id) REFERENCES image_library (id) ON DELETE CASCADE,
    key_word VARCHAR(512),
    PRIMARY KEY (id)
) ENGINE=InnoDB CHARACTER SET utf8;
success!
timestamp: 2015-03-25T19:32:05.709000
CREATE TABLE script_library(
    id INT AUTO_INCREMENT NOT NULL,
    script_name VARCHAR(512),
    script_desc LONGTEXT,
    script_version VARCHAR(512),
    created DATETIME,
    script_file VARCHAR(512),
    PRIMARY KEY (id)
) ENGINE=InnoDB CHARACTER SET utf8;
success!
timestamp: 2015-03-25T19:32:05.740000
CREATE TABLE style_library(
    id INT AUTO_INCREMENT NOT NULL,
    style_name VARCHAR(512),
    style_desc LONGTEXT,
    style_version VARCHAR(512),
    created DATETIME,
    style_file VARCHAR(512),
    PRIMARY KEY (id)
) ENGINE=InnoDB CHARACTER SET utf8;
success!
timestamp: 2015-03-25T23:58:14.076000
CREATE TABLE auth_user(
    id INT AUTO_INCREMENT NOT NULL,
    first_name VARCHAR(128),
    last_name VARCHAR(128),
    email VARCHAR(512),
    password VARCHAR(512),
    registration_key VARCHAR(512),
    reset_password_key VARCHAR(512),
    registration_id VARCHAR(512),
    PRIMARY KEY (id)
) ENGINE=InnoDB CHARACTER SET utf8;
timestamp: 2015-03-25T23:58:19.123000
CREATE TABLE auth_user(
    id INT AUTO_INCREMENT NOT NULL,
    first_name VARCHAR(128),
    last_name VARCHAR(128),
    email VARCHAR(512),
    password VARCHAR(512),
    registration_key VARCHAR(512),
    reset_password_key VARCHAR(512),
    registration_id VARCHAR(512),
    PRIMARY KEY (id)
) ENGINE=InnoDB CHARACTER SET utf8;
